[19:15:43] [main/INFO] - Adding transformer: Renamer
[19:15:43] [main/INFO] - Adding transformer: SourceFile
[19:15:43] [main/WARN] - Output file already exist, data will be overwritten
[19:15:43] [main/INFO] - Starting Apefuscator
[19:15:43] [main/INFO] - Loading input file: test\Pasta Mafia.jar
[19:15:45] [main/INFO] - Loaded input file: test\Pasta Mafia.jar

[19:15:45] [main/INFO] - Loaded 3363 classes
[19:15:45] [main/INFO] - Ignoring 1198 classes
[19:15:45] [main/INFO] - Transforming classes
[19:15:45] [main/INFO] - Using Renamer transformer
[19:15:45] [main/INFO] - Finding all parents and subclasses
[19:15:46] [main/INFO] - Renaming with mode 48
[19:15:46] [main/INFO] - Generating mappings
[19:15:48] [main/INFO] - Found main method in class test/Main
[19:15:48] [main/INFO] - Found main method in class test/Main
[19:15:50] [main/INFO] - Found main method in class Start
[19:16:03] [main/INFO] - Found main method in class net/minecraft/client/main/Main
[19:16:10] [main/INFO] - Applying mappings
[19:16:10] [main/INFO] - Saving mappings
[19:16:10] [main/INFO] - Finished in 24753 milliseconds
[19:16:10] [main/INFO] - Using SourceFile transformer
[19:16:10] [main/INFO] - Finished in 22 milliseconds
[19:16:10] [main/INFO] - Finished transforming classes in 24781 milliseconds
[19:16:10] [main/INFO] - Saving output file: test\Aped-Pasta.jar
[19:16:16] [main/INFO] - Saved output file: test\Aped-Pasta.jar

[19:16:16] [main/INFO] - Finished in 33048 milliseconds, (0 hours | 0 minutes | 33 seconds)
